2018-09-20 17:15:25,777 ERROR c.d.u.Locator [main] Insantiated Locator using id={0} and strategy={1}
2018-09-20 17:15:26,121 ERROR c.d.u.Locator [main] Insantiated Locator using id={0} and strategy={1}
2018-09-20 17:15:31,760 ERROR c.d.u.Locator [main] Insantiated Locator using id={0} and strategy={1}
2018-09-20 17:15:32,171 ERROR c.d.u.Locator [main] Insantiated Locator using id={0} and strategy={1}
2018-09-20 17:15:37,405 ERROR c.d.u.Locator [main] Insantiated Locator using id={0} and strategy={1}
2018-09-20 17:15:37,615 ERROR c.d.u.Locator [main] Insantiated Locator using id={0} and strategy={1}
2018-09-20 17:15:37,755 ERROR c.d.u.Locator [main] Insantiated Locator using id={0} and strategy={1}
2018-09-20 17:16:28,643 INFO c.d.u.Locator [main] Insantiated Locator using id={0} and strategy={1}
2018-09-20 17:16:28,647 DEBUG c.d.u.Locator [main] Insantiated Locator using id={0} and strategy={1}
2018-09-20 17:16:28,647 ERROR c.d.u.Locator [main] Insantiated Locator using id={0} and strategy={1}
2018-09-20 17:16:28,647 TRACE c.d.u.Locator [main] Insantiated Locator using id={0} and strategy={1}
2018-09-20 17:16:28,993 INFO c.d.u.Locator [main] Insantiated Locator using id={0} and strategy={1}
2018-09-20 17:16:28,994 DEBUG c.d.u.Locator [main] Insantiated Locator using id={0} and strategy={1}
2018-09-20 17:16:28,994 ERROR c.d.u.Locator [main] Insantiated Locator using id={0} and strategy={1}
2018-09-20 17:16:28,994 TRACE c.d.u.Locator [main] Insantiated Locator using id={0} and strategy={1}
2018-09-20 17:16:34,772 INFO c.d.u.Locator [main] Insantiated Locator using id={0} and strategy={1}
2018-09-20 17:16:34,773 DEBUG c.d.u.Locator [main] Insantiated Locator using id={0} and strategy={1}
2018-09-20 17:16:34,773 ERROR c.d.u.Locator [main] Insantiated Locator using id={0} and strategy={1}
2018-09-20 17:16:34,773 TRACE c.d.u.Locator [main] Insantiated Locator using id={0} and strategy={1}
2018-09-20 17:16:35,186 INFO c.d.u.Locator [main] Insantiated Locator using id={0} and strategy={1}
2018-09-20 17:16:35,186 DEBUG c.d.u.Locator [main] Insantiated Locator using id={0} and strategy={1}
2018-09-20 17:16:35,186 ERROR c.d.u.Locator [main] Insantiated Locator using id={0} and strategy={1}
2018-09-20 17:16:35,186 TRACE c.d.u.Locator [main] Insantiated Locator using id={0} and strategy={1}
2018-09-20 17:16:40,317 INFO c.d.u.Locator [main] Insantiated Locator using id={0} and strategy={1}
2018-09-20 17:16:40,317 DEBUG c.d.u.Locator [main] Insantiated Locator using id={0} and strategy={1}
2018-09-20 17:16:40,317 ERROR c.d.u.Locator [main] Insantiated Locator using id={0} and strategy={1}
2018-09-20 17:16:40,317 TRACE c.d.u.Locator [main] Insantiated Locator using id={0} and strategy={1}
2018-09-20 17:16:40,504 INFO c.d.u.Locator [main] Insantiated Locator using id={0} and strategy={1}
2018-09-20 17:16:40,504 DEBUG c.d.u.Locator [main] Insantiated Locator using id={0} and strategy={1}
2018-09-20 17:16:40,504 ERROR c.d.u.Locator [main] Insantiated Locator using id={0} and strategy={1}
2018-09-20 17:16:40,504 TRACE c.d.u.Locator [main] Insantiated Locator using id={0} and strategy={1}
2018-09-20 17:16:40,677 INFO c.d.u.Locator [main] Insantiated Locator using id={0} and strategy={1}
2018-09-20 17:16:40,677 DEBUG c.d.u.Locator [main] Insantiated Locator using id={0} and strategy={1}
2018-09-20 17:16:40,677 ERROR c.d.u.Locator [main] Insantiated Locator using id={0} and strategy={1}
2018-09-20 17:16:40,677 TRACE c.d.u.Locator [main] Insantiated Locator using id={0} and strategy={1}
2018-09-20 17:19:32,573 INFO com.driver.utils.Locator [main] Insantiated Locator using id={0} and strategy={1}
2018-09-20 17:19:32,577 DEBUG com.driver.utils.Locator [main] Insantiated Locator using id={0} and strategy={1}
2018-09-20 17:19:32,577 ERROR com.driver.utils.Locator [main] Insantiated Locator using id={0} and strategy={1}
2018-09-20 17:19:32,577 TRACE com.driver.utils.Locator [main] Insantiated Locator using id={0} and strategy={1}
2018-09-20 17:19:32,816 INFO com.driver.utils.Locator [main] Insantiated Locator using id={0} and strategy={1}
2018-09-20 17:19:32,816 DEBUG com.driver.utils.Locator [main] Insantiated Locator using id={0} and strategy={1}
2018-09-20 17:19:32,817 ERROR com.driver.utils.Locator [main] Insantiated Locator using id={0} and strategy={1}
2018-09-20 17:19:32,817 TRACE com.driver.utils.Locator [main] Insantiated Locator using id={0} and strategy={1}
2018-09-20 17:19:38,484 INFO com.driver.utils.Locator [main] Insantiated Locator using id={0} and strategy={1}
2018-09-20 17:19:38,484 DEBUG com.driver.utils.Locator [main] Insantiated Locator using id={0} and strategy={1}
2018-09-20 17:19:38,485 ERROR com.driver.utils.Locator [main] Insantiated Locator using id={0} and strategy={1}
2018-09-20 17:19:38,485 TRACE com.driver.utils.Locator [main] Insantiated Locator using id={0} and strategy={1}
2018-09-20 17:19:38,933 INFO com.driver.utils.Locator [main] Insantiated Locator using id={0} and strategy={1}
2018-09-20 17:19:38,934 DEBUG com.driver.utils.Locator [main] Insantiated Locator using id={0} and strategy={1}
2018-09-20 17:19:38,934 ERROR com.driver.utils.Locator [main] Insantiated Locator using id={0} and strategy={1}
2018-09-20 17:19:38,934 TRACE com.driver.utils.Locator [main] Insantiated Locator using id={0} and strategy={1}
2018-09-20 17:19:44,048 INFO com.driver.utils.Locator [main] Insantiated Locator using id={0} and strategy={1}
2018-09-20 17:19:44,048 DEBUG com.driver.utils.Locator [main] Insantiated Locator using id={0} and strategy={1}
2018-09-20 17:19:44,048 ERROR com.driver.utils.Locator [main] Insantiated Locator using id={0} and strategy={1}
2018-09-20 17:19:44,049 TRACE com.driver.utils.Locator [main] Insantiated Locator using id={0} and strategy={1}
2018-09-20 17:19:44,237 INFO com.driver.utils.Locator [main] Insantiated Locator using id={0} and strategy={1}
2018-09-20 17:19:44,237 DEBUG com.driver.utils.Locator [main] Insantiated Locator using id={0} and strategy={1}
2018-09-20 17:19:44,237 ERROR com.driver.utils.Locator [main] Insantiated Locator using id={0} and strategy={1}
2018-09-20 17:19:44,237 TRACE com.driver.utils.Locator [main] Insantiated Locator using id={0} and strategy={1}
2018-09-20 17:19:44,388 INFO com.driver.utils.Locator [main] Insantiated Locator using id={0} and strategy={1}
2018-09-20 17:19:44,388 DEBUG com.driver.utils.Locator [main] Insantiated Locator using id={0} and strategy={1}
2018-09-20 17:19:44,388 ERROR com.driver.utils.Locator [main] Insantiated Locator using id={0} and strategy={1}
2018-09-20 17:19:44,388 TRACE com.driver.utils.Locator [main] Insantiated Locator using id={0} and strategy={1}
