21-09-2018 10:30:41 INFO  com.driver.utils.Locator:41  Insantiated Locator using id=Chapter1 and strategy=LINKTEXT
21-09-2018 10:30:41 DEBUG com.driver.utils.Locator:42  Insantiated Locator using id=Chapter1 and strategy=LINKTEXT
21-09-2018 10:30:41 ERROR com.driver.utils.Locator:43  Insantiated Locator using id=Chapter1 and strategy=LINKTEXT
21-09-2018 10:30:41 TRACE com.driver.utils.Locator:44  Insantiated Locator using id=Chapter1 and strategy=LINKTEXT
21-09-2018 10:30:41 INFO  com.driver.utils.Locator:41  Insantiated Locator using id=radiobutton and strategy=ID
21-09-2018 10:30:41 DEBUG com.driver.utils.Locator:42  Insantiated Locator using id=radiobutton and strategy=ID
21-09-2018 10:30:41 ERROR com.driver.utils.Locator:43  Insantiated Locator using id=radiobutton and strategy=ID
21-09-2018 10:30:41 TRACE com.driver.utils.Locator:44  Insantiated Locator using id=radiobutton and strategy=ID
21-09-2018 10:30:47 INFO  com.driver.utils.Locator:41  Insantiated Locator using id=multiplewindow and strategy=CLASSNAME
21-09-2018 10:30:47 DEBUG com.driver.utils.Locator:42  Insantiated Locator using id=multiplewindow and strategy=CLASSNAME
21-09-2018 10:30:47 ERROR com.driver.utils.Locator:43  Insantiated Locator using id=multiplewindow and strategy=CLASSNAME
21-09-2018 10:30:47 TRACE com.driver.utils.Locator:44  Insantiated Locator using id=multiplewindow and strategy=CLASSNAME
21-09-2018 10:30:48 INFO  com.driver.utils.Locator:41  Insantiated Locator using id=closepopup and strategy=ID
21-09-2018 10:30:48 DEBUG com.driver.utils.Locator:42  Insantiated Locator using id=closepopup and strategy=ID
21-09-2018 10:30:48 ERROR com.driver.utils.Locator:43  Insantiated Locator using id=closepopup and strategy=ID
21-09-2018 10:30:48 TRACE com.driver.utils.Locator:44  Insantiated Locator using id=closepopup and strategy=ID
21-09-2018 10:30:53 INFO  com.driver.utils.Locator:41  Insantiated Locator using id=closepopup and strategy=ID
21-09-2018 10:30:53 DEBUG com.driver.utils.Locator:42  Insantiated Locator using id=closepopup and strategy=ID
21-09-2018 10:30:53 ERROR com.driver.utils.Locator:43  Insantiated Locator using id=closepopup and strategy=ID
21-09-2018 10:30:53 TRACE com.driver.utils.Locator:44  Insantiated Locator using id=closepopup and strategy=ID
21-09-2018 10:30:53 INFO  com.driver.utils.Locator:41  Insantiated Locator using id=loadajax and strategy=CLASSNAME
21-09-2018 10:30:53 DEBUG com.driver.utils.Locator:42  Insantiated Locator using id=loadajax and strategy=CLASSNAME
21-09-2018 10:30:53 ERROR com.driver.utils.Locator:43  Insantiated Locator using id=loadajax and strategy=CLASSNAME
21-09-2018 10:30:53 TRACE com.driver.utils.Locator:44  Insantiated Locator using id=loadajax and strategy=CLASSNAME
21-09-2018 10:30:53 INFO  com.driver.utils.Locator:41  Insantiated Locator using id=.//input[@value='load text to the page'] and strategy=XPATH
21-09-2018 10:30:53 DEBUG com.driver.utils.Locator:42  Insantiated Locator using id=.//input[@value='load text to the page'] and strategy=XPATH
21-09-2018 10:30:53 ERROR com.driver.utils.Locator:43  Insantiated Locator using id=.//input[@value='load text to the page'] and strategy=XPATH
21-09-2018 10:30:53 TRACE com.driver.utils.Locator:44  Insantiated Locator using id=.//input[@value='load text to the page'] and strategy=XPATH
